22/09/2014 13:29:47 devpinoyLogger Starting the test suite......
22/09/2014 13:29:47 devpinoyLogger Loading the config files.....
22/09/2014 13:29:47 devpinoyLogger Loading the Object repository files.....
22/09/2014 13:29:47 devpinoyLogger Loading the TestData related Excel files.....
22/09/2014 13:29:47 devpinoyLogger Loading the Helper class files.....
22/09/2014 15:23:32 devpinoyLogger Starting the test suite......
22/09/2014 15:23:32 devpinoyLogger Loading the config files.....
22/09/2014 15:23:32 devpinoyLogger Loading the Object repository files.....
22/09/2014 15:23:32 devpinoyLogger Loading the TestData related Excel files.....
22/09/2014 15:23:32 devpinoyLogger Loading the Helper class files.....
22/09/2014 15:23:44 devpinoyLogger Loading the url for footer testcase.....
22/09/2014 15:24:05 devpinoyLogger clicking the footer links.....
22/09/2014 15:24:52 devpinoyLogger Loading the url for header testcase.....
22/09/2014 15:25:18 devpinoyLogger capturing the header links.....
22/09/2014 15:25:18 devpinoyLogger Clicking the header links .....
22/09/2014 15:28:05 devpinoyLogger clicking the header links outside of loop.....
22/09/2014 15:28:43 devpinoyLogger Loading the url for Login testcase.....
22/09/2014 15:29:05 devpinoyLogger clicking the sign in button.....
22/09/2014 15:29:24 devpinoyLogger entering email and password detail for login.....
22/09/2014 15:30:03 devpinoyLogger Loading the url for Register testcase.....
22/09/2014 15:30:15 devpinoyLogger Clicking the sign in account button .....
22/09/2014 15:30:31 devpinoyLogger Clicking the createaccount button  for registration.....
22/09/2014 15:30:40 devpinoyLogger Started the registration fields entry.....
22/09/2014 15:30:43 devpinoyLogger Submitting the registration details.....
22/09/2014 15:31:07 devpinoyLogger Loading the url for searchItem testcase.....
22/09/2014 15:31:24 devpinoyLogger Clicing the search button for search of the entered item.....
22/09/2014 15:31:45 devpinoyLogger Capturing the 1st list of available Ipods.....
22/09/2014 15:31:49 devpinoyLogger storing the ist list of Ipods to  Array1.....
22/09/2014 15:31:55 devpinoyLogger clicking on the pagination button.....
22/09/2014 15:32:05 devpinoyLogger Capturing the ipodlist 2 in page2.....
22/09/2014 15:32:08 devpinoyLogger comparing the two lists of ipods in page 1 and page2.....
22/09/2014 15:32:23 devpinoyLogger Loading the url for Sharelinks testcase.....
22/09/2014 15:33:35 devpinoyLogger Mouse hover the electronics links in left panel.....
22/09/2014 15:33:38 devpinoyLogger clicking thelaptops links.....
